<?xml version="1.0" encoding="UTF-8"?>
<!-- Generated by org.testng.reporters.JUnitReportReporter -->
<testsuite hostname="mayuravaani-ThinkPad-T530" name="org.wso2.extension.siddhi.map.text.sinkmapper.TextCustomSinkMapperTestCase" tests="13" failures="0" timestamp="19 Mar 2019 06:31:35 GMT" time="12.652" errors="0">
  <testcase name="fileSinkTest" time="1.129" classname="org.wso2.extension.siddhi.map.text.sinkmapper.TextCustomSinkMapperTestCase"/>
  <testcase name="fileSinkTestGroup" time="1.127" classname="org.wso2.extension.siddhi.map.text.sinkmapper.TextCustomSinkMapperTestCase"/>
  <testcase name="testTextSinkMapperNewLineCharacter" time="0.009" classname="org.wso2.extension.siddhi.map.text.sinkmapper.TextCustomSinkMapperTestCase"/>
  <testcase name="testHTTPTextMappingText" time="1.034" classname="org.wso2.extension.siddhi.map.text.sinkmapper.TextCustomSinkMapperTestCase"/>
  <testcase name="testTextSinkMapperEventGroupCustomDelimiter" time="0.017" classname="org.wso2.extension.siddhi.map.text.sinkmapper.TextCustomSinkMapperTestCase"/>
  <testcase name="testTextSinkMapperEventGroupDefaultDelimiter" time="8.201" classname="org.wso2.extension.siddhi.map.text.sinkmapper.TextCustomSinkMapperTestCase"/>
  <testcase name="testTextSinkCustomMapping" time="0.020" classname="org.wso2.extension.siddhi.map.text.sinkmapper.TextCustomSinkMapperTestCase"/>
  <testcase name="testTextSinkMapperNewLineCharacterWrong" time="0.008" classname="org.wso2.extension.siddhi.map.text.sinkmapper.TextCustomSinkMapperTestCase"/>
  <testcase name="testTextSinkMapperWithoutPayload" time="0.015" classname="org.wso2.extension.siddhi.map.text.sinkmapper.TextCustomSinkMapperTestCase"/>
  <testcase name="testTextSinkWrongMapping" time="0.010" classname="org.wso2.extension.siddhi.map.text.sinkmapper.TextCustomSinkMapperTestCase"/>
  <testcase name="testHTTPTextMappingTextMultiple" time="1.062" classname="org.wso2.extension.siddhi.map.text.sinkmapper.TextCustomSinkMapperTestCase"/>
  <testcase name="testTextSinkMapperEventGroupSingleEvent" time="0.009" classname="org.wso2.extension.siddhi.map.text.sinkmapper.TextCustomSinkMapperTestCase"/>
  <testcase name="testTextSinkMapperNotEventGroupWithCustomDelimiter" time="0.011" classname="org.wso2.extension.siddhi.map.text.sinkmapper.TextCustomSinkMapperTestCase"/>
</testsuite> <!-- org.wso2.extension.siddhi.map.text.sinkmapper.TextCustomSinkMapperTestCase -->
